1732018688.523081 client started (79279): version 3.5a, socket /private/tmp/tmux-501/default, protocol 8
1732018688.523158 on Darwin 24.0.0 Darwin Kernel Version 24.0.0: Mon Aug 12 21:27:51 PDT 2024; root:xnu-11215.1.10~5/RELEASE_ARM64_T8112
1732018688.523169 using libevent 2.1.12-stable select
1732018688.523618 using utf8proc 2.9.0
1732018688.523635 using ncurses 6.5 20240427
1732018688.523651 flags are 0x10010000
1732018688.523658 socket is /private/tmp/tmux-501/default
1732018688.523667 trying connect
1732018688.523699 add peer 0x138048000: 7 (0x0)
1732018688.525024 sending message 111 to peer 0x138048000 (8 bytes)
1732018688.525034 sending message 111 to peer 0x138048000 (8 bytes)
1732018688.525040 sending message 101 to peer 0x138048000 (14 bytes)
1732018688.525045 sending message 109 to peer 0x138048000 (4 bytes)
1732018688.525050 sending message 102 to peer 0x138048000 (13 bytes)
1732018688.525055 sending message 108 to peer 0x138048000 (39 bytes)
1732018688.525059 sending message 112 to peer 0x138048000 (70 bytes)
1732018688.525064 sending message 112 to peer 0x138048000 (5 bytes)
1732018688.525069 sending message 112 to peer 0x138048000 (5 bytes)
1732018688.525073 sending message 112 to peer 0x138048000 (6 bytes)
1732018688.525078 sending message 112 to peer 0x138048000 (6 bytes)
1732018688.525083 sending message 112 to peer 0x138048000 (11 bytes)
1732018688.525088 sending message 112 to peer 0x138048000 (10 bytes)
1732018688.525093 sending message 112 to peer 0x138048000 (13 bytes)
1732018688.525097 sending message 112 to peer 0x138048000 (13 bytes)
1732018688.525102 sending message 112 to peer 0x138048000 (18 bytes)
1732018688.525107 sending message 112 to peer 0x138048000 (11 bytes)
1732018688.525112 sending message 112 to peer 0x138048000 (10 bytes)
1732018688.525116 sending message 112 to peer 0x138048000 (15 bytes)
1732018688.525121 sending message 112 to peer 0x138048000 (21 bytes)
1732018688.525125 sending message 112 to peer 0x138048000 (13 bytes)
1732018688.525130 sending message 112 to peer 0x138048000 (7 bytes)
1732018688.525135 sending message 112 to peer 0x138048000 (13 bytes)
1732018688.525139 sending message 112 to peer 0x138048000 (7 bytes)
1732018688.525144 sending message 112 to peer 0x138048000 (13 bytes)
1732018688.525148 sending message 112 to peer 0x138048000 (9 bytes)
1732018688.525152 sending message 112 to peer 0x138048000 (21 bytes)
1732018688.525157 sending message 112 to peer 0x138048000 (13 bytes)
1732018688.525161 sending message 112 to peer 0x138048000 (8 bytes)
1732018688.525166 sending message 112 to peer 0x138048000 (12 bytes)
1732018688.525170 sending message 112 to peer 0x138048000 (13 bytes)
1732018688.525175 sending message 112 to peer 0x138048000 (9 bytes)
1732018688.525179 sending message 112 to peer 0x138048000 (9 bytes)
1732018688.525184 sending message 112 to peer 0x138048000 (12 bytes)
1732018688.525188 sending message 112 to peer 0x138048000 (8 bytes)
1732018688.525193 sending message 112 to peer 0x138048000 (7 bytes)
1732018688.525197 sending message 112 to peer 0x138048000 (7 bytes)
1732018688.525202 sending message 112 to peer 0x138048000 (9 bytes)
1732018688.525206 sending message 112 to peer 0x138048000 (13 bytes)
1732018688.525211 sending message 112 to peer 0x138048000 (6 bytes)
1732018688.525216 sending message 112 to peer 0x138048000 (9 bytes)
1732018688.525220 sending message 112 to peer 0x138048000 (13 bytes)
1732018688.525225 sending message 112 to peer 0x138048000 (12 bytes)
1732018688.525229 sending message 112 to peer 0x138048000 (8 bytes)
1732018688.525234 sending message 112 to peer 0x138048000 (9 bytes)
1732018688.525238 sending message 112 to peer 0x138048000 (10 bytes)
1732018688.525243 sending message 112 to peer 0x138048000 (10 bytes)
1732018688.525247 sending message 112 to peer 0x138048000 (10 bytes)
1732018688.525252 sending message 112 to peer 0x138048000 (10 bytes)
1732018688.525256 sending message 112 to peer 0x138048000 (11 bytes)
1732018688.525261 sending message 112 to peer 0x138048000 (10 bytes)
1732018688.525265 sending message 112 to peer 0x138048000 (8 bytes)
1732018688.525278 sending message 112 to peer 0x138048000 (11 bytes)
1732018688.525282 sending message 112 to peer 0x138048000 (11 bytes)
1732018688.525286 sending message 112 to peer 0x138048000 (11 bytes)
1732018688.525289 sending message 112 to peer 0x138048000 (8 bytes)
1732018688.525292 sending message 112 to peer 0x138048000 (8 bytes)
1732018688.525295 sending message 112 to peer 0x138048000 (8 bytes)
1732018688.525299 sending message 112 to peer 0x138048000 (10 bytes)
1732018688.525302 sending message 112 to peer 0x138048000 (10 bytes)
1732018688.525305 sending message 112 to peer 0x138048000 (10 bytes)
1732018688.525308 sending message 112 to peer 0x138048000 (10 bytes)
1732018688.525312 sending message 112 to peer 0x138048000 (10 bytes)
1732018688.525315 sending message 112 to peer 0x138048000 (11 bytes)
1732018688.525318 sending message 112 to peer 0x138048000 (11 bytes)
1732018688.525321 sending message 112 to peer 0x138048000 (10 bytes)
1732018688.525324 sending message 112 to peer 0x138048000 (9 bytes)
1732018688.525328 sending message 112 to peer 0x138048000 (9 bytes)
1732018688.525331 sending message 112 to peer 0x138048000 (12 bytes)
1732018688.525334 sending message 112 to peer 0x138048000 (9 bytes)
1732018688.525337 sending message 112 to peer 0x138048000 (6 bytes)
1732018688.525341 sending message 112 to peer 0x138048000 (8 bytes)
1732018688.525344 sending message 112 to peer 0x138048000 (15 bytes)
1732018688.525347 sending message 112 to peer 0x138048000 (13 bytes)
1732018688.525350 sending message 112 to peer 0x138048000 (9 bytes)
1732018688.525354 sending message 112 to peer 0x138048000 (70 bytes)
1732018688.525357 sending message 112 to peer 0x138048000 (69 bytes)
1732018688.525360 sending message 112 to peer 0x138048000 (10 bytes)
1732018688.525364 sending message 112 to peer 0x138048000 (10 bytes)
1732018688.525367 sending message 112 to peer 0x138048000 (8 bytes)
1732018688.525370 sending message 112 to peer 0x138048000 (15 bytes)
1732018688.525374 sending message 112 to peer 0x138048000 (13 bytes)
1732018688.525377 sending message 112 to peer 0x138048000 (10 bytes)
1732018688.525381 sending message 112 to peer 0x138048000 (10 bytes)
1732018688.525384 sending message 112 to peer 0x138048000 (13 bytes)
1732018688.525387 sending message 112 to peer 0x138048000 (9 bytes)
1732018688.525390 sending message 112 to peer 0x138048000 (5 bytes)
1732018688.525394 sending message 112 to peer 0x138048000 (5 bytes)
1732018688.525398 sending message 104 to peer 0x138048000 (0 bytes)
1732018688.525402 sending message 110 to peer 0x138048000 (0 bytes)
1732018688.525405 sending message 107 to peer 0x138048000 (4 bytes)
1732018688.525408 sending message 105 to peer 0x138048000 (15 bytes)
1732018688.525411 sending message 105 to peer 0x138048000 (20 bytes)
1732018688.525415 sending message 105 to peer 0x138048000 (22 bytes)
1732018688.525418 sending message 105 to peer 0x138048000 (28 bytes)
1732018688.525421 sending message 105 to peer 0x138048000 (47 bytes)
1732018688.525425 sending message 105 to peer 0x138048000 (92 bytes)
1732018688.525428 sending message 105 to peer 0x138048000 (22 bytes)
1732018688.525431 sending message 105 to peer 0x138048000 (37 bytes)
1732018688.525434 sending message 105 to peer 0x138048000 (30 bytes)
1732018688.525438 sending message 105 to peer 0x138048000 (34 bytes)
1732018688.525441 sending message 105 to peer 0x138048000 (85 bytes)
1732018688.525444 sending message 105 to peer 0x138048000 (53 bytes)
1732018688.525447 sending message 105 to peer 0x138048000 (22 bytes)
1732018688.525451 sending message 105 to peer 0x138048000 (61 bytes)
1732018688.525454 sending message 105 to peer 0x138048000 (17 bytes)
1732018688.525457 sending message 105 to peer 0x138048000 (19 bytes)
1732018688.525460 sending message 105 to peer 0x138048000 (26 bytes)
1732018688.525463 sending message 105 to peer 0x138048000 (18 bytes)
1732018688.525467 sending message 105 to peer 0x138048000 (53 bytes)
1732018688.525470 sending message 105 to peer 0x138048000 (41 bytes)
1732018688.525473 sending message 105 to peer 0x138048000 (18 bytes)
1732018688.525483 sending message 105 to peer 0x138048000 (1084 bytes)
1732018688.525487 sending message 105 to peer 0x138048000 (16 bytes)
1732018688.525491 sending message 105 to peer 0x138048000 (53 bytes)
1732018688.525494 sending message 105 to peer 0x138048000 (23 bytes)
1732018688.525498 sending message 105 to peer 0x138048000 (54 bytes)
1732018688.525501 sending message 105 to peer 0x138048000 (29 bytes)
1732018688.525504 sending message 105 to peer 0x138048000 (43 bytes)
1732018688.525507 sending message 105 to peer 0x138048000 (24 bytes)
1732018688.525510 sending message 105 to peer 0x138048000 (15 bytes)
1732018688.525514 sending message 105 to peer 0x138048000 (8 bytes)
1732018688.525517 sending message 105 to peer 0x138048000 (66 bytes)
1732018688.525520 sending message 105 to peer 0x138048000 (19 bytes)
1732018688.525523 sending message 105 to peer 0x138048000 (86 bytes)
1732018688.525527 sending message 105 to peer 0x138048000 (44 bytes)
1732018688.525530 sending message 105 to peer 0x138048000 (18 bytes)
1732018688.525534 sending message 105 to peer 0x138048000 (26 bytes)
1732018688.525537 sending message 105 to peer 0x138048000 (60 bytes)
1732018688.525540 sending message 105 to peer 0x138048000 (57 bytes)
1732018688.525544 sending message 105 to peer 0x138048000 (43 bytes)
1732018688.525547 sending message 105 to peer 0x138048000 (13 bytes)
1732018688.525550 sending message 105 to peer 0x138048000 (15 bytes)
1732018688.525554 sending message 105 to peer 0x138048000 (14 bytes)
1732018688.525557 sending message 105 to peer 0x138048000 (19 bytes)
1732018688.525561 sending message 105 to peer 0x138048000 (21 bytes)
1732018688.525564 sending message 105 to peer 0x138048000 (49 bytes)
1732018688.525567 sending message 105 to peer 0x138048000 (44 bytes)
1732018688.525570 sending message 105 to peer 0x138048000 (43 bytes)
1732018688.525574 sending message 105 to peer 0x138048000 (32 bytes)
1732018688.525577 sending message 105 to peer 0x138048000 (39 bytes)
1732018688.525580 sending message 105 to peer 0x138048000 (31 bytes)
1732018688.525583 sending message 105 to peer 0x138048000 (28 bytes)
1732018688.525587 sending message 105 to peer 0x138048000 (34 bytes)
1732018688.525590 sending message 105 to peer 0x138048000 (20 bytes)
1732018688.525593 sending message 105 to peer 0x138048000 (14 bytes)
1732018688.525596 sending message 105 to peer 0x138048000 (15 bytes)
1732018688.525600 sending message 105 to peer 0x138048000 (27 bytes)
1732018688.525603 sending message 105 to peer 0x138048000 (18 bytes)
1732018688.525606 sending message 105 to peer 0x138048000 (14 bytes)
1732018688.525609 sending message 105 to peer 0x138048000 (18 bytes)
1732018688.525613 sending message 105 to peer 0x138048000 (20 bytes)
1732018688.525616 sending message 105 to peer 0x138048000 (23 bytes)
1732018688.525619 sending message 105 to peer 0x138048000 (11 bytes)
1732018688.525622 sending message 105 to peer 0x138048000 (16 bytes)
1732018688.525625 sending message 105 to peer 0x138048000 (15 bytes)
1732018688.525629 sending message 105 to peer 0x138048000 (15 bytes)
1732018688.525632 sending message 105 to peer 0x138048000 (15 bytes)
1732018688.525635 sending message 105 to peer 0x138048000 (23 bytes)
1732018688.525638 sending message 105 to peer 0x138048000 (15 bytes)
1732018688.525641 sending message 105 to peer 0x138048000 (17 bytes)
1732018688.525645 sending message 105 to peer 0x138048000 (9 bytes)
1732018688.525648 sending message 105 to peer 0x138048000 (17 bytes)
1732018688.525651 sending message 105 to peer 0x138048000 (14 bytes)
1732018688.525654 sending message 105 to peer 0x138048000 (10 bytes)
1732018688.525658 sending message 105 to peer 0x138048000 (25 bytes)
1732018688.525661 sending message 106 to peer 0x138048000 (0 bytes)
1732018688.525702 sending message 200 to peer 0x138048000 (4 bytes)
1732018688.525707 client loop enter
1732018688.525859 peer 0x138048000 message 303
1732018688.525867 open write file 2 -
1732018688.525875 sending message 305 to peer 0x138048000 (8 bytes)
1732018688.525891 write check file 2
1732018688.525908 peer 0x138048000 message 304
1732018688.525912 write 58 to file 2
1732018688.525917 peer 0x138048000 message 203
1732018688.525920 file 2 58 bytes left
1732018688.525929 write check file 2
1732018688.525933 client loop exit
